<?xml version="1.0" encoding="UTF-8" ?>
<testsuite failures="0" time="0.008" errors="0" skipped="0" tests="1" name="com.mycompany.app.AppTest">
  <properties>
    <property name="java.vendor" value="Oracle Corporation"/>
    <property name="JOB_NAME" value="my-app"/>
    <property name="PWD" value="/var/lib/jenkins"/>
    <property name="sun.java.launcher" value="SUN_STANDARD"/>
    <property name="sun.management.compiler" value="HotSpot Client Compiler"/>
    <property name="JENKINS_HOME" value="/var/lib/jenkins"/>
    <property name="PATH" value="/var/lib/jenkins/tools/hudson.model.JDK/jenkinsjdk/bin:/usr/local/bin:/usr/bin:/bin:/usr/local/games:/usr/games"/>
    <property name="HUDSON_SERVER_COOKIE" value="1b4a43c006ce3e98"/>
    <property name="POM_ARTIFACTID" value="my-app"/>
    <property name="os.name" value="Linux"/>
    <property name="sun.boot.class.path" value="/var/lib/jenkins/tools/hudson.model.JDK/jenkinsjdk/jre/lib/resources.jar:/var/lib/jenkins/tools/hudson.model.JDK/jenkinsjdk/jre/lib/rt.jar:/var/lib/jenkins/tools/hudson.model.JDK/jenkinsjdk/jre/lib/sunrsasign.jar:/var/lib/jenkins/tools/hudson.model.JDK/jenkinsjdk/jre/lib/jsse.jar:/var/lib/jenkins/tools/hudson.model.JDK/jenkinsjdk/jre/lib/jce.jar:/var/lib/jenkins/tools/hudson.model.JDK/jenkinsjdk/jre/lib/charsets.jar:/var/lib/jenkins/tools/hudson.model.JDK/jenkinsjdk/jre/lib/jfr.jar:/var/lib/jenkins/tools/hudson.model.JDK/jenkinsjdk/jre/classes"/>
    <property name="EXECUTOR_NUMBER" value="0"/>
    <property name="java.vm.specification.vendor" value="Oracle Corporation"/>
    <property name="POM_DISPLAYNAME" value="Maven Quick Start Archetype"/>
    <property name="NODE_LABELS" value="master"/>
    <property name="java.runtime.version" value="1.7.0_51-b13"/>
    <property name="LD_LIBRARY_PATH" value="/usr/lib/jvm/java-6-openjdk-i386/jre/lib/i386/client:/usr/lib/jvm/java-6-openjdk-i386/jre/lib/i386:/usr/lib/jvm/java-6-openjdk-i386/jre/../lib/i386"/>
    <property name="user.name" value="jenkins"/>
    <property name="guice.disable.misplaced.annotation.check" value="true"/>
    <property name="XDG_SESSION_COOKIE" value="17f02bf00ea2a3b90aee8cd60000085d-1390468761.344765-857215223"/>
    <property name="user.language" value="en"/>
    <property name="BUILD_DISPLAY_NAME" value="#66"/>
    <property name="sun.boot.library.path" value="/var/lib/jenkins/tools/hudson.model.JDK/jenkinsjdk/jre/lib/i386"/>
    <property name="java.version" value="1.7.0_51"/>
    <property name="user.timezone" value="Europe/Amsterdam"/>
    <property name="sun.arch.data.model" value="32"/>
    <property name="NODE_NAME" value="master"/>
    <property name="TERM" value="linux"/>
    <property name="java.endorsed.dirs" value="/var/lib/jenkins/tools/hudson.model.JDK/jenkinsjdk/jre/lib/endorsed"/>
    <property name="BUILD_ID" value="2014-01-23_12-13-43"/>
    <property name="sun.cpu.isalist" value=""/>
    <property name="sun.jnu.encoding" value="UTF-8"/>
    <property name="file.encoding.pkg" value="sun.io"/>
    <property name="SHELL" value="/bin/bash"/>
    <property name="file.separator" value="/"/>
    <property name="java.specification.name" value="Java Platform API Specification"/>
    <property name="java.class.version" value="51.0"/>
    <property name="org.slf4j.simpleLogger.defaultLogLevel" value="info"/>
    <property name="user.country" value="US"/>
    <property name="securerandom.source" value="file:/dev/./urandom"/>
    <property name="java.home" value="/var/lib/jenkins/tools/hudson.model.JDK/jenkinsjdk/jre"/>
    <property name="java.vm.info" value="mixed mode"/>
    <property name="os.version" value="3.8.0-29-generic"/>
    <property name="POM_VERSION" value="1.0-SNAPSHOT"/>
    <property name="sun.font.fontmanager" value="sun.awt.X11FontManager"/>
    <property name="path.separator" value=":"/>
    <property name="java.vm.version" value="24.51-b03"/>
    <property name="SHLVL" value="1"/>
    <property name="_" value="/usr/bin/daemon"/>
    <property name="java.awt.printerjob" value="sun.print.PSPrinterJob"/>
    <property name="JAVA_HOME" value="/var/lib/jenkins/tools/hudson.model.JDK/jenkinsjdk"/>
    <property name="sun.io.unicode.encoding" value="UnicodeLittle"/>
    <property name="awt.toolkit" value="sun.awt.X11.XToolkit"/>
    <property name="LOGNAME" value="jenkins"/>
    <property name="POM_PACKAGING" value="jar"/>
    <property name="HOME" value="/var/lib/jenkins"/>
    <property name="POM_GROUPID" value="com.mycompany.app"/>
    <property name="user.home" value="/var/lib/jenkins"/>
    <property name="BUILD_TAG" value="jenkins-my-app-66"/>
    <property name="JENKINS_SERVER_COOKIE" value="1b4a43c006ce3e98"/>
    <property name="HUDSON_URL" value="http://localhost:8080/"/>
    <property name="java.specification.vendor" value="Oracle Corporation"/>
    <property name="CLASSPATH" value=""/>
    <property name="java.library.path" value="/var/lib/jenkins/tools/hudson.model.JDK/jenkinsjdk/jre/lib/i386/client:/var/lib/jenkins/tools/hudson.model.JDK/jenkinsjdk/jre/lib/i386:/var/lib/jenkins/tools/hudson.model.JDK/jenkinsjdk/jre/../lib/i386:/usr/lib/jvm/java-6-openjdk-i386/jre/lib/i386/client:/usr/lib/jvm/java-6-openjdk-i386/jre/lib/i386:/usr/lib/jvm/java-6-openjdk-i386/jre/../lib/i386:/usr/java/packages/lib/i386:/lib:/usr/lib"/>
    <property name="java.vendor.url" value="http://java.oracle.com/"/>
    <property name="java.vm.vendor" value="Oracle Corporation"/>
    <property name="maven.home" value="/var/lib/jenkins/tools/hudson.tasks.Maven_MavenInstallation/mavenjenkins"/>
    <property name="java.runtime.name" value="Java(TM) SE Runtime Environment"/>
    <property name="sun.java.command" value="jenkins.maven3.agent.Maven31Main /var/lib/jenkins/tools/hudson.tasks.Maven_MavenInstallation/mavenjenkins /tmp/jetty-0.0.0.0-8080-jenkins.war--any-/webapp/WEB-INF/lib/remoting-2.33.jar /var/lib/jenkins/plugins/maven-plugin/WEB-INF/lib/maven31-interceptor-1.4.jar /var/lib/jenkins/plugins/maven-plugin/WEB-INF/lib/maven3-interceptor-commons-1.4.jar 45440"/>
    <property name="java.class.path" value="/var/lib/jenkins/plugins/maven-plugin/WEB-INF/lib/maven31-agent-1.4.jar:/var/lib/jenkins/tools/hudson.tasks.Maven_MavenInstallation/mavenjenkins/boot/plexus-classworlds-2.5.1.jar:/var/lib/jenkins/tools/hudson.tasks.Maven_MavenInstallation/mavenjenkins/conf/logging"/>
    <property name="java.vm.specification.name" value="Java Virtual Machine Specification"/>
    <property name="PATH+JDK" value="/var/lib/jenkins/tools/hudson.model.JDK/jenkinsjdk/bin"/>
    <property name="java.vm.specification.version" value="1.7"/>
    <property name="sun.os.patch.level" value="unknown"/>
    <property name="sun.cpu.endian" value="little"/>
    <property name="M2_HOME" value="/var/lib/jenkins/tools/hudson.tasks.Maven_MavenInstallation/mavenjenkins"/>
    <property name="MAIL" value="/var/mail/jenkins"/>
    <property name="java.io.tmpdir" value="/tmp"/>
    <property name="HUDSON_HOME" value="/var/lib/jenkins"/>
    <property name="PATH+MAVEN" value="/var/lib/jenkins/tools/hudson.tasks.Maven_MavenInstallation/mavenjenkins/bin"/>
    <property name="BUILD_URL" value="http://localhost:8080/job/my-app/66/"/>
    <property name="java.vendor.url.bug" value="http://bugreport.sun.com/bugreport/"/>
    <property name="java.awt.graphicsenv" value="sun.awt.X11GraphicsEnvironment"/>
    <property name="os.arch" value="i386"/>
    <property name="java.ext.dirs" value="/var/lib/jenkins/tools/hudson.model.JDK/jenkinsjdk/jre/lib/ext:/usr/java/packages/lib/ext"/>
    <property name="user.dir" value="/var/lib/jenkins/jobs/my-app/workspace"/>
    <property name="JOB_URL" value="http://localhost:8080/job/my-app/"/>
    <property name="line.separator" value="
"/>
    <property name="MAVEN_HOME" value="/var/lib/jenkins/tools/hudson.tasks.Maven_MavenInstallation/mavenjenkins"/>
    <property name="java.vm.name" value="Java HotSpot(TM) Client VM"/>
    <property name="BUILD_NUMBER" value="66"/>
    <property name="JENKINS_URL" value="http://localhost:8080/"/>
    <property name="file.encoding" value="UTF-8"/>
    <property name="LANG" value="en_US.UTF-8"/>
    <property name="maven3.interceptor" value="/var/lib/jenkins/plugins/maven-plugin/WEB-INF/lib/maven31-interceptor-1.4.jar"/>
    <property name="WORKSPACE" value="/var/lib/jenkins/jobs/my-app/workspace"/>
    <property name="maven3.interceptor.common" value="/var/lib/jenkins/plugins/maven-plugin/WEB-INF/lib/maven3-interceptor-commons-1.4.jar"/>
    <property name="java.specification.version" value="1.7"/>
    <property name="USER" value="jenkins"/>
  </properties>
  <testcase time="0.008" classname="com.mycompany.app.AppTest" name="testApp"/>
</testsuite>